[0.000000] (-) TimerEvent: {}
[0.001209] (clean_robot) JobQueued: {'identifier': 'clean_robot', 'dependencies': OrderedDict()}
[0.001448] (clean_robot) JobStarted: {'identifier': 'clean_robot'}
[0.099500] (-) TimerEvent: {}
[0.199784] (-) TimerEvent: {}
[0.300005] (-) TimerEvent: {}
[0.400227] (-) TimerEvent: {}
[0.500485] (-) TimerEvent: {}
[0.600690] (-) TimerEvent: {}
[0.700878] (-) TimerEvent: {}
[0.749319] (clean_robot) Command: {'cmd': ['/usr/bin/python3', '-W', 'ignore:setup.py install is deprecated', '-W', 'ignore:easy_install command is deprecated', 'setup.py', 'egg_info', '--egg-base', '../../build/clean_robot', 'build', '--build-base', '/home/ubuntu/workspace/ros2_ws/build/clean_robot/build', 'install', '--record', '/home/ubuntu/workspace/ros2_ws/build/clean_robot/install.log', '--single-version-externally-managed', 'install_data'], 'cwd': '/home/ubuntu/workspace/ros2_ws/src/clean_robot', 'env': {'MAIL': '/var/mail/ubuntu', 'USER': 'ubuntu', 'SHLVL': '1', 'LD_LIBRARY_PATH': '/usr/lib/x86_64-linux-gnu/gazebo-11/plugins:/opt/ros/humble/opt/rviz_ogre_vendor/lib:/opt/ros/humble/lib/x86_64-linux-gnu:/opt/ros/humble/lib', 'HOME': '/home/ubuntu', 'OLDPWD': '/home/ubuntu/workspace/ros2_ws', 'ROS_PYTHON_VERSION': '3', 'GTK_MODULES': 'appmenu-gtk-module', 'LC_CTYPE': 'C.UTF-8', 'UBUNTU_MENUPROXY': '1', 'COLCON_PREFIX_PATH': '/home/ubuntu/workspace/ros2_ws/install:/home/ubuntu/workspace/ros2_ws/src/clean_robot/install', 'ROS_DISTRO': 'humble', 'LOGNAME': 'ubuntu', '_': '/usr/bin/colcon', 'ROS_VERSION': '2', 'TERM': 'xterm', 'ROS_LOCALHOST_ONLY': '0', 'PATH': '/opt/ros/humble/bin:/usr/local/sbin:/usr/local/bin:/usr/sbin:/usr/bin:/sbin:/bin:/usr/games:/usr/local/games:/snap/bin', 'AMENT_PREFIX_PATH': '/home/ubuntu/workspace/ros2_ws/install/clean_robot:/home/ubuntu/workspace/ros2_ws/src/clean_robot/install/clean_robot', 'SHELL': '/bin/bash', 'PWD': '/home/ubuntu/workspace/ros2_ws/build/clean_robot', 'XDG_DATA_DIRS': '/usr/share/gnome:/home/ubuntu/.local/share/flatpak/exports/share:/var/lib/flatpak/exports/share:/usr/local/share:/usr/share:/var/lib/snapd/desktop', 'PYTHONPATH': '/home/ubuntu/workspace/ros2_ws/build/clean_robot/prefix_override:/usr/lib/python3/dist-packages/colcon_core/task/python/colcon_distutils_commands:/home/ubuntu/workspace/ros2_ws/install/clean_robot/lib/python3.10/site-packages:/home/ubuntu/workspace/ros2_ws/src/clean_robot/install/clean_robot/lib/python3.10/site-packages:/opt/ros/humble/lib/python3.10/site-packages:/opt/ros/humble/local/lib/python3.10/dist-packages:/home/ubuntu/workspace/ros2_ws/install/clean_robot/lib/python3.10/site-packages', 'COLCON': '1'}, 'shell': False}
[0.800982] (-) TimerEvent: {}
[0.901273] (-) TimerEvent: {}
[1.001490] (-) TimerEvent: {}
[1.029214] (clean_robot) StdoutLine: {'line': b'running egg_info\n'}
[1.029906] (clean_robot) StdoutLine: {'line': b'creating ../../build/clean_robot/clean_robot.egg-info\n'}
[1.030176] (clean_robot) StdoutLine: {'line': b'writing ../../build/clean_robot/clean_robot.egg-info/PKG-INFO\n'}
[1.030458] (clean_robot) StdoutLine: {'line': b'writing dependency_links to ../../build/clean_robot/clean_robot.egg-info/dependency_links.txt\n'}
[1.030766] (clean_robot) StdoutLine: {'line': b'writing entry points to ../../build/clean_robot/clean_robot.egg-info/entry_points.txt\n'}
[1.030937] (clean_robot) StdoutLine: {'line': b'writing requirements to ../../build/clean_robot/clean_robot.egg-info/requires.txt\n'}
[1.031088] (clean_robot) StdoutLine: {'line': b'writing top-level names to ../../build/clean_robot/clean_robot.egg-info/top_level.txt\n'}
[1.031349] (clean_robot) StdoutLine: {'line': b"writing manifest file '../../build/clean_robot/clean_robot.egg-info/SOURCES.txt'\n"}
[1.032638] (clean_robot) StdoutLine: {'line': b"reading manifest file '../../build/clean_robot/clean_robot.egg-info/SOURCES.txt'\n"}
[1.033430] (clean_robot) StdoutLine: {'line': b"writing manifest file '../../build/clean_robot/clean_robot.egg-info/SOURCES.txt'\n"}
[1.033561] (clean_robot) StdoutLine: {'line': b'running build\n'}
[1.033705] (clean_robot) StdoutLine: {'line': b'running build_py\n'}
[1.033841] (clean_robot) StdoutLine: {'line': b'creating /home/ubuntu/workspace/ros2_ws/build/clean_robot/build\n'}
[1.033999] (clean_robot) StdoutLine: {'line': b'creating /home/ubuntu/workspace/ros2_ws/build/clean_robot/build/lib\n'}
[1.034065] (clean_robot) StdoutLine: {'line': b'creating /home/ubuntu/workspace/ros2_ws/build/clean_robot/build/lib/clean_robot\n'}
[1.034131] (clean_robot) StdoutLine: {'line': b'copying clean_robot/task_manager_node.py -> /home/ubuntu/workspace/ros2_ws/build/clean_robot/build/lib/clean_robot\n'}
[1.034296] (clean_robot) StdoutLine: {'line': b'copying clean_robot/state_machine_node.py -> /home/ubuntu/workspace/ros2_ws/build/clean_robot/build/lib/clean_robot\n'}
[1.034352] (clean_robot) StdoutLine: {'line': b'copying clean_robot/__init__.py -> /home/ubuntu/workspace/ros2_ws/build/clean_robot/build/lib/clean_robot\n'}
[1.034479] (clean_robot) StdoutLine: {'line': b'copying clean_robot/battery_manager_node.py -> /home/ubuntu/workspace/ros2_ws/build/clean_robot/build/lib/clean_robot\n'}
[1.034536] (clean_robot) StdoutLine: {'line': b'running install\n'}
[1.034858] (clean_robot) StdoutLine: {'line': b'running install_lib\n'}
[1.036946] (clean_robot) StdoutLine: {'line': b'creating /home/ubuntu/workspace/ros2_ws/install/clean_robot/lib/python3.10/site-packages/clean_robot\n'}
[1.037093] (clean_robot) StdoutLine: {'line': b'copying /home/ubuntu/workspace/ros2_ws/build/clean_robot/build/lib/clean_robot/task_manager_node.py -> /home/ubuntu/workspace/ros2_ws/install/clean_robot/lib/python3.10/site-packages/clean_robot\n'}
[1.037229] (clean_robot) StdoutLine: {'line': b'copying /home/ubuntu/workspace/ros2_ws/build/clean_robot/build/lib/clean_robot/state_machine_node.py -> /home/ubuntu/workspace/ros2_ws/install/clean_robot/lib/python3.10/site-packages/clean_robot\n'}
[1.037429] (clean_robot) StdoutLine: {'line': b'copying /home/ubuntu/workspace/ros2_ws/build/clean_robot/build/lib/clean_robot/__init__.py -> /home/ubuntu/workspace/ros2_ws/install/clean_robot/lib/python3.10/site-packages/clean_robot\n'}
[1.037485] (clean_robot) StdoutLine: {'line': b'copying /home/ubuntu/workspace/ros2_ws/build/clean_robot/build/lib/clean_robot/battery_manager_node.py -> /home/ubuntu/workspace/ros2_ws/install/clean_robot/lib/python3.10/site-packages/clean_robot\n'}
[1.037945] (clean_robot) StdoutLine: {'line': b'byte-compiling /home/ubuntu/workspace/ros2_ws/install/clean_robot/lib/python3.10/site-packages/clean_robot/task_manager_node.py to task_manager_node.cpython-310.pyc\n'}
[1.038486] (clean_robot) StdoutLine: {'line': b'byte-compiling /home/ubuntu/workspace/ros2_ws/install/clean_robot/lib/python3.10/site-packages/clean_robot/state_machine_node.py to state_machine_node.cpython-310.pyc\n'}
[1.038933] (clean_robot) StdoutLine: {'line': b'byte-compiling /home/ubuntu/workspace/ros2_ws/install/clean_robot/lib/python3.10/site-packages/clean_robot/__init__.py to __init__.cpython-310.pyc\n'}
[1.039077] (clean_robot) StdoutLine: {'line': b'byte-compiling /home/ubuntu/workspace/ros2_ws/install/clean_robot/lib/python3.10/site-packages/clean_robot/battery_manager_node.py to battery_manager_node.cpython-310.pyc\n'}
[1.039385] (clean_robot) StdoutLine: {'line': b'running install_data\n'}
[1.039510] (clean_robot) StdoutLine: {'line': b'creating /home/ubuntu/workspace/ros2_ws/install/clean_robot/share/ament_index\n'}
[1.039686] (clean_robot) StdoutLine: {'line': b'creating /home/ubuntu/workspace/ros2_ws/install/clean_robot/share/ament_index/resource_index\n'}
[1.039825] (clean_robot) StdoutLine: {'line': b'creating /home/ubuntu/workspace/ros2_ws/install/clean_robot/share/ament_index/resource_index/packages\n'}
[1.039980] (clean_robot) StdoutLine: {'line': b'copying resource/clean_robot -> /home/ubuntu/workspace/ros2_ws/install/clean_robot/share/ament_index/resource_index/packages\n'}
[1.040118] (clean_robot) StdoutLine: {'line': b'copying package.xml -> /home/ubuntu/workspace/ros2_ws/install/clean_robot/share/clean_robot\n'}
[1.040169] (clean_robot) StdoutLine: {'line': b'creating /home/ubuntu/workspace/ros2_ws/install/clean_robot/share/clean_robot/launch\n'}
[1.040225] (clean_robot) StdoutLine: {'line': b'copying launch/bringup.launch.py -> /home/ubuntu/workspace/ros2_ws/install/clean_robot/share/clean_robot/launch\n'}
[1.040287] (clean_robot) StdoutLine: {'line': b'running install_egg_info\n'}
[1.042221] (clean_robot) StdoutLine: {'line': b'Copying ../../build/clean_robot/clean_robot.egg-info to /home/ubuntu/workspace/ros2_ws/install/clean_robot/lib/python3.10/site-packages/clean_robot-0.0.1-py3.10.egg-info\n'}
[1.042934] (clean_robot) StdoutLine: {'line': b'running install_scripts\n'}
[1.068375] (clean_robot) StdoutLine: {'line': b'Installing battery_manager script to /home/ubuntu/workspace/ros2_ws/install/clean_robot/lib/clean_robot\n'}
[1.068689] (clean_robot) StdoutLine: {'line': b'Installing state_machine script to /home/ubuntu/workspace/ros2_ws/install/clean_robot/lib/clean_robot\n'}
[1.068857] (clean_robot) StdoutLine: {'line': b'Installing task_manager script to /home/ubuntu/workspace/ros2_ws/install/clean_robot/lib/clean_robot\n'}
[1.069098] (clean_robot) StdoutLine: {'line': b"writing list of installed files to '/home/ubuntu/workspace/ros2_ws/build/clean_robot/install.log'\n"}
[1.100913] (clean_robot) CommandEnded: {'returncode': 0}
[1.101505] (-) TimerEvent: {}
[1.113270] (clean_robot) JobEnded: {'identifier': 'clean_robot', 'rc': 0}
[1.114365] (-) EventReactorShutdown: {}
