/home/ubuntu/workspace/ros2_ws/install/clean_robot/lib/python3.10/site-packages/clean_robot/task_manager_node.py
/home/ubuntu/workspace/ros2_ws/install/clean_robot/lib/python3.10/site-packages/clean_robot/state_machine_node.py
/home/ubuntu/workspace/ros2_ws/install/clean_robot/lib/python3.10/site-packages/clean_robot/__init__.py
/home/ubuntu/workspace/ros2_ws/install/clean_robot/lib/python3.10/site-packages/clean_robot/battery_manager_node.py
/home/ubuntu/workspace/ros2_ws/install/clean_robot/lib/python3.10/site-packages/clean_robot/__pycache__/task_manager_node.cpython-310.pyc
/home/ubuntu/workspace/ros2_ws/install/clean_robot/lib/python3.10/site-packages/clean_robot/__pycache__/state_machine_node.cpython-310.pyc
/home/ubuntu/workspace/ros2_ws/install/clean_robot/lib/python3.10/site-packages/clean_robot/__pycache__/__init__.cpython-310.pyc
/home/ubuntu/workspace/ros2_ws/install/clean_robot/lib/python3.10/site-packages/clean_robot/__pycache__/battery_manager_node.cpython-310.pyc
/home/ubuntu/workspace/ros2_ws/install/clean_robot/share/ament_index/resource_index/packages/clean_robot
/home/ubuntu/workspace/ros2_ws/install/clean_robot/share/clean_robot/package.xml
/home/ubuntu/workspace/ros2_ws/install/clean_robot/share/clean_robot/launch/bringup.launch.py
/home/ubuntu/workspace/ros2_ws/install/clean_robot/lib/python3.10/site-packages/clean_robot-0.0.1-py3.10.egg-info/PKG-INFO
/home/ubuntu/workspace/ros2_ws/install/clean_robot/lib/python3.10/site-packages/clean_robot-0.0.1-py3.10.egg-info/requires.txt
/home/ubuntu/workspace/ros2_ws/install/clean_robot/lib/python3.10/site-packages/clean_robot-0.0.1-py3.10.egg-info/entry_points.txt
/home/ubuntu/workspace/ros2_ws/install/clean_robot/lib/python3.10/site-packages/clean_robot-0.0.1-py3.10.egg-info/top_level.txt
/home/ubuntu/workspace/ros2_ws/install/clean_robot/lib/python3.10/site-packages/clean_robot-0.0.1-py3.10.egg-info/SOURCES.txt
/home/ubuntu/workspace/ros2_ws/install/clean_robot/lib/python3.10/site-packages/clean_robot-0.0.1-py3.10.egg-info/dependency_links.txt
/home/ubuntu/workspace/ros2_ws/install/clean_robot/lib/clean_robot/battery_manager
/home/ubuntu/workspace/ros2_ws/install/clean_robot/lib/clean_robot/state_machine
/home/ubuntu/workspace/ros2_ws/install/clean_robot/lib/clean_robot/task_manager
