[0.760s] Invoking command in '/home/ubuntu/workspace/ros2_ws/src/clean_robot': PYTHONPATH=/home/ubuntu/workspace/ros2_ws/src/clean_robot/build/clean_robot/prefix_override:/usr/lib/python3/dist-packages/colcon_core/task/python/colcon_distutils_commands:/home/ubuntu/workspace/ros2_ws/src/clean_robot/install/clean_robot/lib/python3.10/site-packages:${PYTHONPATH} /usr/bin/python3 -W ignore:setup.py install is deprecated -W ignore:easy_install command is deprecated setup.py egg_info --egg-base build/clean_robot build --build-base /home/ubuntu/workspace/ros2_ws/src/clean_robot/build/clean_robot/build install --record /home/ubuntu/workspace/ros2_ws/src/clean_robot/build/clean_robot/install.log --single-version-externally-managed
[1.037s] running egg_info
[1.038s] creating build/clean_robot/clean_robot.egg-info
[1.038s] writing build/clean_robot/clean_robot.egg-info/PKG-INFO
[1.038s] writing dependency_links to build/clean_robot/clean_robot.egg-info/dependency_links.txt
[1.039s] writing entry points to build/clean_robot/clean_robot.egg-info/entry_points.txt
[1.039s] writing requirements to build/clean_robot/clean_robot.egg-info/requires.txt
[1.039s] writing top-level names to build/clean_robot/clean_robot.egg-info/top_level.txt
[1.039s] writing manifest file 'build/clean_robot/clean_robot.egg-info/SOURCES.txt'
[1.041s] reading manifest file 'build/clean_robot/clean_robot.egg-info/SOURCES.txt'
[1.041s] writing manifest file 'build/clean_robot/clean_robot.egg-info/SOURCES.txt'
[1.042s] running build
[1.042s] running build_py
[1.042s] creating /home/ubuntu/workspace/ros2_ws/src/clean_robot/build/clean_robot/build
[1.042s] creating /home/ubuntu/workspace/ros2_ws/src/clean_robot/build/clean_robot/build/lib
[1.042s] creating /home/ubuntu/workspace/ros2_ws/src/clean_robot/build/clean_robot/build/lib/clean_robot
[1.042s] copying clean_robot/task_manager_node.py -> /home/ubuntu/workspace/ros2_ws/src/clean_robot/build/clean_robot/build/lib/clean_robot
[1.042s] copying clean_robot/state_machine_node.py -> /home/ubuntu/workspace/ros2_ws/src/clean_robot/build/clean_robot/build/lib/clean_robot
[1.042s] copying clean_robot/__init__.py -> /home/ubuntu/workspace/ros2_ws/src/clean_robot/build/clean_robot/build/lib/clean_robot
[1.043s] copying clean_robot/battery_manager_node.py -> /home/ubuntu/workspace/ros2_ws/src/clean_robot/build/clean_robot/build/lib/clean_robot
[1.043s] running install
[1.043s] running install_lib
[1.045s] creating /home/ubuntu/workspace/ros2_ws/src/clean_robot/install/clean_robot/lib/python3.10/site-packages/clean_robot
[1.045s] copying /home/ubuntu/workspace/ros2_ws/src/clean_robot/build/clean_robot/build/lib/clean_robot/task_manager_node.py -> /home/ubuntu/workspace/ros2_ws/src/clean_robot/install/clean_robot/lib/python3.10/site-packages/clean_robot
[1.045s] copying /home/ubuntu/workspace/ros2_ws/src/clean_robot/build/clean_robot/build/lib/clean_robot/state_machine_node.py -> /home/ubuntu/workspace/ros2_ws/src/clean_robot/install/clean_robot/lib/python3.10/site-packages/clean_robot
[1.045s] copying /home/ubuntu/workspace/ros2_ws/src/clean_robot/build/clean_robot/build/lib/clean_robot/__init__.py -> /home/ubuntu/workspace/ros2_ws/src/clean_robot/install/clean_robot/lib/python3.10/site-packages/clean_robot
[1.045s] copying /home/ubuntu/workspace/ros2_ws/src/clean_robot/build/clean_robot/build/lib/clean_robot/battery_manager_node.py -> /home/ubuntu/workspace/ros2_ws/src/clean_robot/install/clean_robot/lib/python3.10/site-packages/clean_robot
[1.046s] byte-compiling /home/ubuntu/workspace/ros2_ws/src/clean_robot/install/clean_robot/lib/python3.10/site-packages/clean_robot/task_manager_node.py to task_manager_node.cpython-310.pyc
[1.046s] byte-compiling /home/ubuntu/workspace/ros2_ws/src/clean_robot/install/clean_robot/lib/python3.10/site-packages/clean_robot/state_machine_node.py to state_machine_node.cpython-310.pyc
[1.047s] byte-compiling /home/ubuntu/workspace/ros2_ws/src/clean_robot/install/clean_robot/lib/python3.10/site-packages/clean_robot/__init__.py to __init__.cpython-310.pyc
[1.047s] byte-compiling /home/ubuntu/workspace/ros2_ws/src/clean_robot/install/clean_robot/lib/python3.10/site-packages/clean_robot/battery_manager_node.py to battery_manager_node.cpython-310.pyc
[1.047s] running install_egg_info
[1.050s] Copying build/clean_robot/clean_robot.egg-info to /home/ubuntu/workspace/ros2_ws/src/clean_robot/install/clean_robot/lib/python3.10/site-packages/clean_robot-0.0.1-py3.10.egg-info
[1.050s] running install_scripts
[1.076s] Installing battery_manager script to /home/ubuntu/workspace/ros2_ws/src/clean_robot/install/clean_robot/lib/clean_robot
[1.076s] Installing state_machine script to /home/ubuntu/workspace/ros2_ws/src/clean_robot/install/clean_robot/lib/clean_robot
[1.076s] Installing task_manager script to /home/ubuntu/workspace/ros2_ws/src/clean_robot/install/clean_robot/lib/clean_robot
[1.077s] writing list of installed files to '/home/ubuntu/workspace/ros2_ws/src/clean_robot/build/clean_robot/install.log'
[1.111s] Invoked command in '/home/ubuntu/workspace/ros2_ws/src/clean_robot' returned '0': PYTHONPATH=/home/ubuntu/workspace/ros2_ws/src/clean_robot/build/clean_robot/prefix_override:/usr/lib/python3/dist-packages/colcon_core/task/python/colcon_distutils_commands:/home/ubuntu/workspace/ros2_ws/src/clean_robot/install/clean_robot/lib/python3.10/site-packages:${PYTHONPATH} /usr/bin/python3 -W ignore:setup.py install is deprecated -W ignore:easy_install command is deprecated setup.py egg_info --egg-base build/clean_robot build --build-base /home/ubuntu/workspace/ros2_ws/src/clean_robot/build/clean_robot/build install --record /home/ubuntu/workspace/ros2_ws/src/clean_robot/build/clean_robot/install.log --single-version-externally-managed
