[0.751s] Invoking command in '/home/ubuntu/workspace/ros2_ws/src/clean_robot': PYTHONPATH=/home/ubuntu/workspace/ros2_ws/build/clean_robot/prefix_override:/usr/lib/python3/dist-packages/colcon_core/task/python/colcon_distutils_commands:/home/ubuntu/workspace/ros2_ws/install/clean_robot/lib/python3.10/site-packages:${PYTHONPATH} /usr/bin/python3 -W ignore:setup.py install is deprecated -W ignore:easy_install command is deprecated setup.py egg_info --egg-base ../../build/clean_robot build --build-base /home/ubuntu/workspace/ros2_ws/build/clean_robot/build install --record /home/ubuntu/workspace/ros2_ws/build/clean_robot/install.log --single-version-externally-managed install_data
[1.028s] running egg_info
[1.029s] creating ../../build/clean_robot/clean_robot.egg-info
[1.029s] writing ../../build/clean_robot/clean_robot.egg-info/PKG-INFO
[1.029s] writing dependency_links to ../../build/clean_robot/clean_robot.egg-info/dependency_links.txt
[1.029s] writing entry points to ../../build/clean_robot/clean_robot.egg-info/entry_points.txt
[1.030s] writing requirements to ../../build/clean_robot/clean_robot.egg-info/requires.txt
[1.030s] writing top-level names to ../../build/clean_robot/clean_robot.egg-info/top_level.txt
[1.030s] writing manifest file '../../build/clean_robot/clean_robot.egg-info/SOURCES.txt'
[1.031s] reading manifest file '../../build/clean_robot/clean_robot.egg-info/SOURCES.txt'
[1.032s] writing manifest file '../../build/clean_robot/clean_robot.egg-info/SOURCES.txt'
[1.032s] running build
[1.032s] running build_py
[1.032s] creating /home/ubuntu/workspace/ros2_ws/build/clean_robot/build
[1.033s] creating /home/ubuntu/workspace/ros2_ws/build/clean_robot/build/lib
[1.033s] creating /home/ubuntu/workspace/ros2_ws/build/clean_robot/build/lib/clean_robot
[1.033s] copying clean_robot/task_manager_node.py -> /home/ubuntu/workspace/ros2_ws/build/clean_robot/build/lib/clean_robot
[1.033s] copying clean_robot/state_machine_node.py -> /home/ubuntu/workspace/ros2_ws/build/clean_robot/build/lib/clean_robot
[1.033s] copying clean_robot/__init__.py -> /home/ubuntu/workspace/ros2_ws/build/clean_robot/build/lib/clean_robot
[1.033s] copying clean_robot/battery_manager_node.py -> /home/ubuntu/workspace/ros2_ws/build/clean_robot/build/lib/clean_robot
[1.033s] running install
[1.033s] running install_lib
[1.036s] creating /home/ubuntu/workspace/ros2_ws/install/clean_robot/lib/python3.10/site-packages/clean_robot
[1.036s] copying /home/ubuntu/workspace/ros2_ws/build/clean_robot/build/lib/clean_robot/task_manager_node.py -> /home/ubuntu/workspace/ros2_ws/install/clean_robot/lib/python3.10/site-packages/clean_robot
[1.036s] copying /home/ubuntu/workspace/ros2_ws/build/clean_robot/build/lib/clean_robot/state_machine_node.py -> /home/ubuntu/workspace/ros2_ws/install/clean_robot/lib/python3.10/site-packages/clean_robot
[1.036s] copying /home/ubuntu/workspace/ros2_ws/build/clean_robot/build/lib/clean_robot/__init__.py -> /home/ubuntu/workspace/ros2_ws/install/clean_robot/lib/python3.10/site-packages/clean_robot
[1.036s] copying /home/ubuntu/workspace/ros2_ws/build/clean_robot/build/lib/clean_robot/battery_manager_node.py -> /home/ubuntu/workspace/ros2_ws/install/clean_robot/lib/python3.10/site-packages/clean_robot
[1.037s] byte-compiling /home/ubuntu/workspace/ros2_ws/install/clean_robot/lib/python3.10/site-packages/clean_robot/task_manager_node.py to task_manager_node.cpython-310.pyc
[1.037s] byte-compiling /home/ubuntu/workspace/ros2_ws/install/clean_robot/lib/python3.10/site-packages/clean_robot/state_machine_node.py to state_machine_node.cpython-310.pyc
[1.038s] byte-compiling /home/ubuntu/workspace/ros2_ws/install/clean_robot/lib/python3.10/site-packages/clean_robot/__init__.py to __init__.cpython-310.pyc
[1.038s] byte-compiling /home/ubuntu/workspace/ros2_ws/install/clean_robot/lib/python3.10/site-packages/clean_robot/battery_manager_node.py to battery_manager_node.cpython-310.pyc
[1.038s] running install_data
[1.038s] creating /home/ubuntu/workspace/ros2_ws/install/clean_robot/share/ament_index
[1.038s] creating /home/ubuntu/workspace/ros2_ws/install/clean_robot/share/ament_index/resource_index
[1.038s] creating /home/ubuntu/workspace/ros2_ws/install/clean_robot/share/ament_index/resource_index/packages
[1.039s] copying resource/clean_robot -> /home/ubuntu/workspace/ros2_ws/install/clean_robot/share/ament_index/resource_index/packages
[1.039s] copying package.xml -> /home/ubuntu/workspace/ros2_ws/install/clean_robot/share/clean_robot
[1.039s] creating /home/ubuntu/workspace/ros2_ws/install/clean_robot/share/clean_robot/launch
[1.039s] copying launch/bringup.launch.py -> /home/ubuntu/workspace/ros2_ws/install/clean_robot/share/clean_robot/launch
[1.039s] running install_egg_info
[1.041s] Copying ../../build/clean_robot/clean_robot.egg-info to /home/ubuntu/workspace/ros2_ws/install/clean_robot/lib/python3.10/site-packages/clean_robot-0.0.1-py3.10.egg-info
[1.042s] running install_scripts
[1.067s] Installing battery_manager script to /home/ubuntu/workspace/ros2_ws/install/clean_robot/lib/clean_robot
[1.067s] Installing state_machine script to /home/ubuntu/workspace/ros2_ws/install/clean_robot/lib/clean_robot
[1.067s] Installing task_manager script to /home/ubuntu/workspace/ros2_ws/install/clean_robot/lib/clean_robot
[1.068s] writing list of installed files to '/home/ubuntu/workspace/ros2_ws/build/clean_robot/install.log'
[1.100s] Invoked command in '/home/ubuntu/workspace/ros2_ws/src/clean_robot' returned '0': PYTHONPATH=/home/ubuntu/workspace/ros2_ws/build/clean_robot/prefix_override:/usr/lib/python3/dist-packages/colcon_core/task/python/colcon_distutils_commands:/home/ubuntu/workspace/ros2_ws/install/clean_robot/lib/python3.10/site-packages:${PYTHONPATH} /usr/bin/python3 -W ignore:setup.py install is deprecated -W ignore:easy_install command is deprecated setup.py egg_info --egg-base ../../build/clean_robot build --build-base /home/ubuntu/workspace/ros2_ws/build/clean_robot/build install --record /home/ubuntu/workspace/ros2_ws/build/clean_robot/install.log --single-version-externally-managed install_data
