[0.000000] (-) TimerEvent: {}
[0.000969] (clean_robot) JobQueued: {'identifier': 'clean_robot', 'dependencies': OrderedDict()}
[0.001063] (clean_robot) JobStarted: {'identifier': 'clean_robot'}
[0.099512] (-) TimerEvent: {}
[0.199790] (-) TimerEvent: {}
[0.300042] (-) TimerEvent: {}
[0.400276] (-) TimerEvent: {}
[0.500489] (-) TimerEvent: {}
[0.600785] (-) TimerEvent: {}
[0.701246] (-) TimerEvent: {}
[0.757515] (clean_robot) Command: {'cmd': ['/usr/bin/python3', '-W', 'ignore:setup.py install is deprecated', '-W', 'ignore:easy_install command is deprecated', 'setup.py', 'egg_info', '--egg-base', 'build/clean_robot', 'build', '--build-base', '/home/ubuntu/workspace/ros2_ws/src/clean_robot/build/clean_robot/build', 'install', '--record', '/home/ubuntu/workspace/ros2_ws/src/clean_robot/build/clean_robot/install.log', '--single-version-externally-managed'], 'cwd': '/home/ubuntu/workspace/ros2_ws/src/clean_robot', 'env': {'MAIL': '/var/mail/ubuntu', 'USER': 'ubuntu', 'SHLVL': '1', 'LD_LIBRARY_PATH': '/usr/lib/x86_64-linux-gnu/gazebo-11/plugins:/opt/ros/humble/opt/rviz_ogre_vendor/lib:/opt/ros/humble/lib/x86_64-linux-gnu:/opt/ros/humble/lib', 'HOME': '/home/ubuntu', 'OLDPWD': '/home/ubuntu/workspace/ros2_ws/src', 'ROS_PYTHON_VERSION': '3', 'GTK_MODULES': 'appmenu-gtk-module', 'LC_CTYPE': 'C.UTF-8', 'UBUNTU_MENUPROXY': '1', 'COLCON_PREFIX_PATH': '/home/ubuntu/workspace/ros2_ws/src/clean_robot/install:/home/ubuntu/workspace/ros2_ws/install', 'ROS_DISTRO': 'humble', 'LOGNAME': 'ubuntu', '_': '/usr/bin/colcon', 'ROS_VERSION': '2', 'TERM': 'xterm', 'ROS_LOCALHOST_ONLY': '0', 'PATH': '/opt/ros/humble/bin:/usr/local/sbin:/usr/local/bin:/usr/sbin:/usr/bin:/sbin:/bin:/usr/games:/usr/local/games:/snap/bin', 'AMENT_PREFIX_PATH': '/home/ubuntu/workspace/ros2_ws/src/clean_robot/install/clean_robot:/opt/ros/humble:/home/ubuntu/workspace/ros2_ws/install/clean_robot', 'SHELL': '/bin/bash', 'PWD': '/home/ubuntu/workspace/ros2_ws/src/clean_robot/build/clean_robot', 'XDG_DATA_DIRS': '/usr/share/gnome:/home/ubuntu/.local/share/flatpak/exports/share:/var/lib/flatpak/exports/share:/usr/local/share:/usr/share:/var/lib/snapd/desktop', 'PYTHONPATH': '/home/ubuntu/workspace/ros2_ws/src/clean_robot/build/clean_robot/prefix_override:/usr/lib/python3/dist-packages/colcon_core/task/python/colcon_distutils_commands:/home/ubuntu/workspace/ros2_ws/src/clean_robot/install/clean_robot/lib/python3.10/site-packages:/home/ubuntu/workspace/ros2_ws/src/clean_robot/install/clean_robot/lib/python3.10/site-packages:/opt/ros/humble/lib/python3.10/site-packages:/opt/ros/humble/local/lib/python3.10/dist-packages:/home/ubuntu/workspace/ros2_ws/install/clean_robot/lib/python3.10/site-packages', 'COLCON': '1'}, 'shell': False}
[0.801354] (-) TimerEvent: {}
[0.901637] (-) TimerEvent: {}
[1.001841] (-) TimerEvent: {}
[1.038154] (clean_robot) StdoutLine: {'line': b'running egg_info\n'}
[1.038757] (clean_robot) StdoutLine: {'line': b'creating build/clean_robot/clean_robot.egg-info\n'}
[1.039020] (clean_robot) StdoutLine: {'line': b'writing build/clean_robot/clean_robot.egg-info/PKG-INFO\n'}
[1.039317] (clean_robot) StdoutLine: {'line': b'writing dependency_links to build/clean_robot/clean_robot.egg-info/dependency_links.txt\n'}
[1.039479] (clean_robot) StdoutLine: {'line': b'writing entry points to build/clean_robot/clean_robot.egg-info/entry_points.txt\n'}
[1.039693] (clean_robot) StdoutLine: {'line': b'writing requirements to build/clean_robot/clean_robot.egg-info/requires.txt\n'}
[1.039783] (clean_robot) StdoutLine: {'line': b'writing top-level names to build/clean_robot/clean_robot.egg-info/top_level.txt\n'}
[1.039867] (clean_robot) StdoutLine: {'line': b"writing manifest file 'build/clean_robot/clean_robot.egg-info/SOURCES.txt'\n"}
[1.041558] (clean_robot) StdoutLine: {'line': b"reading manifest file 'build/clean_robot/clean_robot.egg-info/SOURCES.txt'\n"}
[1.042348] (clean_robot) StdoutLine: {'line': b"writing manifest file 'build/clean_robot/clean_robot.egg-info/SOURCES.txt'\n"}
[1.042575] (clean_robot) StdoutLine: {'line': b'running build\n'}
[1.042727] (clean_robot) StdoutLine: {'line': b'running build_py\n'}
[1.042939] (clean_robot) StdoutLine: {'line': b'creating /home/ubuntu/workspace/ros2_ws/src/clean_robot/build/clean_robot/build\n'}
[1.043126] (clean_robot) StdoutLine: {'line': b'creating /home/ubuntu/workspace/ros2_ws/src/clean_robot/build/clean_robot/build/lib\n'}
[1.043281] (clean_robot) StdoutLine: {'line': b'creating /home/ubuntu/workspace/ros2_ws/src/clean_robot/build/clean_robot/build/lib/clean_robot\n'}
[1.043338] (clean_robot) StdoutLine: {'line': b'copying clean_robot/task_manager_node.py -> /home/ubuntu/workspace/ros2_ws/src/clean_robot/build/clean_robot/build/lib/clean_robot\n'}
[1.043404] (clean_robot) StdoutLine: {'line': b'copying clean_robot/state_machine_node.py -> /home/ubuntu/workspace/ros2_ws/src/clean_robot/build/clean_robot/build/lib/clean_robot\n'}
[1.043465] (clean_robot) StdoutLine: {'line': b'copying clean_robot/__init__.py -> /home/ubuntu/workspace/ros2_ws/src/clean_robot/build/clean_robot/build/lib/clean_robot\n'}
[1.043528] (clean_robot) StdoutLine: {'line': b'copying clean_robot/battery_manager_node.py -> /home/ubuntu/workspace/ros2_ws/src/clean_robot/build/clean_robot/build/lib/clean_robot\n'}
[1.043663] (clean_robot) StdoutLine: {'line': b'running install\n'}
[1.043780] (clean_robot) StdoutLine: {'line': b'running install_lib\n'}
[1.045895] (clean_robot) StdoutLine: {'line': b'creating /home/ubuntu/workspace/ros2_ws/src/clean_robot/install/clean_robot/lib/python3.10/site-packages/clean_robot\n'}
[1.046051] (clean_robot) StdoutLine: {'line': b'copying /home/ubuntu/workspace/ros2_ws/src/clean_robot/build/clean_robot/build/lib/clean_robot/task_manager_node.py -> /home/ubuntu/workspace/ros2_ws/src/clean_robot/install/clean_robot/lib/python3.10/site-packages/clean_robot\n'}
[1.046203] (clean_robot) StdoutLine: {'line': b'copying /home/ubuntu/workspace/ros2_ws/src/clean_robot/build/clean_robot/build/lib/clean_robot/state_machine_node.py -> /home/ubuntu/workspace/ros2_ws/src/clean_robot/install/clean_robot/lib/python3.10/site-packages/clean_robot\n'}
[1.046388] (clean_robot) StdoutLine: {'line': b'copying /home/ubuntu/workspace/ros2_ws/src/clean_robot/build/clean_robot/build/lib/clean_robot/__init__.py -> /home/ubuntu/workspace/ros2_ws/src/clean_robot/install/clean_robot/lib/python3.10/site-packages/clean_robot\n'}
[1.046457] (clean_robot) StdoutLine: {'line': b'copying /home/ubuntu/workspace/ros2_ws/src/clean_robot/build/clean_robot/build/lib/clean_robot/battery_manager_node.py -> /home/ubuntu/workspace/ros2_ws/src/clean_robot/install/clean_robot/lib/python3.10/site-packages/clean_robot\n'}
[1.046950] (clean_robot) StdoutLine: {'line': b'byte-compiling /home/ubuntu/workspace/ros2_ws/src/clean_robot/install/clean_robot/lib/python3.10/site-packages/clean_robot/task_manager_node.py to task_manager_node.cpython-310.pyc\n'}
[1.047491] (clean_robot) StdoutLine: {'line': b'byte-compiling /home/ubuntu/workspace/ros2_ws/src/clean_robot/install/clean_robot/lib/python3.10/site-packages/clean_robot/state_machine_node.py to state_machine_node.cpython-310.pyc\n'}
[1.047917] (clean_robot) StdoutLine: {'line': b'byte-compiling /home/ubuntu/workspace/ros2_ws/src/clean_robot/install/clean_robot/lib/python3.10/site-packages/clean_robot/__init__.py to __init__.cpython-310.pyc\n'}
[1.048062] (clean_robot) StdoutLine: {'line': b'byte-compiling /home/ubuntu/workspace/ros2_ws/src/clean_robot/install/clean_robot/lib/python3.10/site-packages/clean_robot/battery_manager_node.py to battery_manager_node.cpython-310.pyc\n'}
[1.048409] (clean_robot) StdoutLine: {'line': b'running install_egg_info\n'}
[1.050560] (clean_robot) StdoutLine: {'line': b'Copying build/clean_robot/clean_robot.egg-info to /home/ubuntu/workspace/ros2_ws/src/clean_robot/install/clean_robot/lib/python3.10/site-packages/clean_robot-0.0.1-py3.10.egg-info\n'}
[1.051291] (clean_robot) StdoutLine: {'line': b'running install_scripts\n'}
[1.076801] (clean_robot) StdoutLine: {'line': b'Installing battery_manager script to /home/ubuntu/workspace/ros2_ws/src/clean_robot/install/clean_robot/lib/clean_robot\n'}
[1.077093] (clean_robot) StdoutLine: {'line': b'Installing state_machine script to /home/ubuntu/workspace/ros2_ws/src/clean_robot/install/clean_robot/lib/clean_robot\n'}
[1.077269] (clean_robot) StdoutLine: {'line': b'Installing task_manager script to /home/ubuntu/workspace/ros2_ws/src/clean_robot/install/clean_robot/lib/clean_robot\n'}
[1.077510] (clean_robot) StdoutLine: {'line': b"writing list of installed files to '/home/ubuntu/workspace/ros2_ws/src/clean_robot/build/clean_robot/install.log'\n"}
[1.101931] (-) TimerEvent: {}
[1.111409] (clean_robot) CommandEnded: {'returncode': 0}
[1.123740] (clean_robot) JobEnded: {'identifier': 'clean_robot', 'rc': 0}
[1.125145] (-) EventReactorShutdown: {}
