[0.123s] DEBUG:colcon:Command line arguments: ['/usr/bin/colcon', 'build']
[0.123s] DEBUG:colcon:Parsed command line arguments: Namespace(log_base=None, log_level=None, verb_name='build', build_base='build', install_base='install', merge_install=False, symlink_install=False, test_result_base=None, continue_on_error=False, executor='parallel', parallel_workers=128, event_handlers=None, ignore_user_meta=False, metas=['./colcon.meta'], base_paths=['.'], packages_ignore=None, packages_ignore_regex=None, paths=None, packages_up_to=None, packages_up_to_regex=None, packages_above=None, packages_above_and_dependencies=None, packages_above_depth=None, packages_select_by_dep=None, packages_skip_by_dep=None, packages_skip_up_to=None, packages_select_build_failed=False, packages_skip_build_finished=False, packages_select_test_failures=False, packages_skip_test_passed=False, packages_select=None, packages_skip=None, packages_select_regex=None, packages_skip_regex=None, packages_start=None, packages_end=None, allow_overriding=[], cmake_args=None, cmake_target=None, cmake_target_skip_unavailable=False, cmake_clean_cache=False, cmake_clean_first=False, cmake_force_configure=False, ament_cmake_args=None, catkin_cmake_args=None, catkin_skip_building_tests=False, verb_parser=<colcon_defaults.argument_parser.defaults.DefaultArgumentsDecorator object at 0x7c2396147e50>, verb_extension=<colcon_core.verb.build.BuildVerb object at 0x7c23962ed300>, main=<bound method BuildVerb.main of <colcon_core.verb.build.BuildVerb object at 0x7c23962ed300>>)
[0.321s] Level 1:colcon.colcon_core.package_discovery:discover_packages(colcon_meta) check parameters
[0.321s] Level 1:colcon.colcon_core.package_discovery:discover_packages(recursive) check parameters
[0.321s] Level 1:colcon.colcon_core.package_discovery:discover_packages(ignore) check parameters
[0.321s] Level 1:colcon.colcon_core.package_discovery:discover_packages(path) check parameters
[0.321s] Level 1:colcon.colcon_core.package_discovery:discover_packages(colcon_meta) discover
[0.321s] Level 1:colcon.colcon_core.package_discovery:discover_packages(recursive) discover
[0.321s] INFO:colcon.colcon_core.package_discovery:Crawling recursively for packages in '/home/ubuntu/workspace/ros2_ws/src/clean_robot'
[0.321s] Level 1:colcon.colcon_core.package_identification:_identify(.) by extensions ['ignore', 'ignore_ament_install']
[0.322s] Level 1:colcon.colcon_core.package_identification:_identify(.) by extension 'ignore'
[0.322s] Level 1:colcon.colcon_core.package_identification:_identify(.) by extension 'ignore_ament_install'
[0.322s] Level 1:colcon.colcon_core.package_identification:_identify(.) by extensions ['colcon_pkg']
[0.322s] Level 1:colcon.colcon_core.package_identification:_identify(.) by extension 'colcon_pkg'
[0.322s] Level 1:colcon.colcon_core.package_identification:_identify(.) by extensions ['colcon_meta']
[0.322s] Level 1:colcon.colcon_core.package_identification:_identify(.) by extension 'colcon_meta'
[0.322s] Level 1:colcon.colcon_core.package_identification:_identify(.) by extensions ['ros']
[0.322s] Level 1:colcon.colcon_core.package_identification:_identify(.) by extension 'ros'
[0.338s] DEBUG:colcon.colcon_core.package_identification:Package '.' with type 'ros.ament_python' and name 'clean_robot'
[0.338s] Level 1:colcon.colcon_core.package_discovery:discover_packages(recursive) using defaults
[0.338s] Level 1:colcon.colcon_core.package_discovery:discover_packages(ignore) discover
[0.338s] Level 1:colcon.colcon_core.package_discovery:discover_packages(ignore) using defaults
[0.338s] Level 1:colcon.colcon_core.package_discovery:discover_packages(path) discover
[0.338s] Level 1:colcon.colcon_core.package_discovery:discover_packages(path) using defaults
[0.377s] Level 1:colcon.colcon_core.package_discovery:discover_packages(prefix_path) check parameters
[0.377s] Level 1:colcon.colcon_core.package_discovery:discover_packages(prefix_path) discover
[0.378s] WARNING:colcon.colcon_ros.prefix_path.ament:The path '/home/ubuntu/workspace/ros2_ws/src/clean_robot/install/clean_robot' in the environment variable AMENT_PREFIX_PATH doesn't exist
[0.379s] DEBUG:colcon.colcon_installed_package_information.package_discovery:Found 0 installed packages in /home/ubuntu/workspace/ros2_ws/src/clean_robot/install
[0.379s] DEBUG:colcon.colcon_installed_package_information.package_discovery:Found 1 installed packages in /home/ubuntu/workspace/ros2_ws/install
[0.381s] DEBUG:colcon.colcon_installed_package_information.package_discovery:Found 379 installed packages in /opt/ros/humble
[0.383s] Level 1:colcon.colcon_core.package_discovery:discover_packages(prefix_path) using defaults
[0.435s] Level 5:colcon.colcon_core.verb:set package 'clean_robot' build argument 'cmake_args' from command line to 'None'
[0.435s] Level 5:colcon.colcon_core.verb:set package 'clean_robot' build argument 'cmake_target' from command line to 'None'
[0.435s] Level 5:colcon.colcon_core.verb:set package 'clean_robot' build argument 'cmake_target_skip_unavailable' from command line to 'False'
[0.435s] Level 5:colcon.colcon_core.verb:set package 'clean_robot' build argument 'cmake_clean_cache' from command line to 'False'
[0.435s] Level 5:colcon.colcon_core.verb:set package 'clean_robot' build argument 'cmake_clean_first' from command line to 'False'
[0.435s] Level 5:colcon.colcon_core.verb:set package 'clean_robot' build argument 'cmake_force_configure' from command line to 'False'
[0.435s] Level 5:colcon.colcon_core.verb:set package 'clean_robot' build argument 'ament_cmake_args' from command line to 'None'
[0.435s] Level 5:colcon.colcon_core.verb:set package 'clean_robot' build argument 'catkin_cmake_args' from command line to 'None'
[0.435s] Level 5:colcon.colcon_core.verb:set package 'clean_robot' build argument 'catkin_skip_building_tests' from command line to 'False'
[0.435s] DEBUG:colcon.colcon_core.verb:Building package 'clean_robot' with the following arguments: {'ament_cmake_args': None, 'build_base': '/home/ubuntu/workspace/ros2_ws/src/clean_robot/build/clean_robot', 'catkin_cmake_args': None, 'catkin_skip_building_tests': False, 'cmake_args': None, 'cmake_clean_cache': False, 'cmake_clean_first': False, 'cmake_force_configure': False, 'cmake_target': None, 'cmake_target_skip_unavailable': False, 'install_base': '/home/ubuntu/workspace/ros2_ws/src/clean_robot/install/clean_robot', 'merge_install': False, 'path': '/home/ubuntu/workspace/ros2_ws/src/clean_robot', 'symlink_install': False, 'test_result_base': None}
[0.436s] INFO:colcon.colcon_core.executor:Executing jobs using 'parallel' executor
[0.437s] DEBUG:colcon.colcon_parallel_executor.executor.parallel:run_until_complete
[0.438s] INFO:colcon.colcon_ros.task.ament_python.build:Building ROS package in '/home/ubuntu/workspace/ros2_ws/src/clean_robot' with build type 'ament_python'
[0.438s] Level 1:colcon.colcon_core.shell:create_environment_hook('clean_robot', 'ament_prefix_path')
[0.440s] INFO:colcon.colcon_core.plugin_system:Skipping extension 'colcon_core.shell.bat': Not used on non-Windows systems
[0.440s] INFO:colcon.colcon_core.shell:Creating environment hook '/home/ubuntu/workspace/ros2_ws/src/clean_robot/install/clean_robot/share/clean_robot/hook/ament_prefix_path.ps1'
[0.441s] INFO:colcon.colcon_core.shell:Creating environment descriptor '/home/ubuntu/workspace/ros2_ws/src/clean_robot/install/clean_robot/share/clean_robot/hook/ament_prefix_path.dsv'
[0.442s] INFO:colcon.colcon_core.shell:Creating environment hook '/home/ubuntu/workspace/ros2_ws/src/clean_robot/install/clean_robot/share/clean_robot/hook/ament_prefix_path.sh'
[0.442s] INFO:colcon.colcon_core.shell:Skip shell extension 'powershell' for command environment: Not usable outside of PowerShell
[0.442s] DEBUG:colcon.colcon_core.shell:Skip shell extension 'dsv' for command environment
[0.754s] WARNING:colcon.colcon_ros.task.ament_python.build:Package 'clean_robot' doesn't explicitly install a marker in the package index (colcon-ros currently does it implicitly but that fallback will be removed in the future)
[0.755s] WARNING:colcon.colcon_ros.task.ament_python.build:Package 'clean_robot' doesn't explicitly install the 'package.xml' file (colcon-ros currently does it implicitly but that fallback will be removed in the future)
[0.755s] INFO:colcon.colcon_core.task.python.build:Building Python package in '/home/ubuntu/workspace/ros2_ws/src/clean_robot'
[0.756s] INFO:colcon.colcon_core.shell:Skip shell extension 'powershell' for command environment: Not usable outside of PowerShell
[0.756s] DEBUG:colcon.colcon_core.shell:Skip shell extension 'dsv' for command environment
[1.198s] DEBUG:colcon.colcon_core.event_handler.log_command:Invoking command in '/home/ubuntu/workspace/ros2_ws/src/clean_robot': PYTHONPATH=/home/ubuntu/workspace/ros2_ws/src/clean_robot/build/clean_robot/prefix_override:/usr/lib/python3/dist-packages/colcon_core/task/python/colcon_distutils_commands:/home/ubuntu/workspace/ros2_ws/src/clean_robot/install/clean_robot/lib/python3.10/site-packages:${PYTHONPATH} /usr/bin/python3 -W ignore:setup.py install is deprecated -W ignore:easy_install command is deprecated setup.py egg_info --egg-base build/clean_robot build --build-base /home/ubuntu/workspace/ros2_ws/src/clean_robot/build/clean_robot/build install --record /home/ubuntu/workspace/ros2_ws/src/clean_robot/build/clean_robot/install.log --single-version-externally-managed
[1.549s] DEBUG:colcon.colcon_core.event_handler.log_command:Invoked command in '/home/ubuntu/workspace/ros2_ws/src/clean_robot' returned '0': PYTHONPATH=/home/ubuntu/workspace/ros2_ws/src/clean_robot/build/clean_robot/prefix_override:/usr/lib/python3/dist-packages/colcon_core/task/python/colcon_distutils_commands:/home/ubuntu/workspace/ros2_ws/src/clean_robot/install/clean_robot/lib/python3.10/site-packages:${PYTHONPATH} /usr/bin/python3 -W ignore:setup.py install is deprecated -W ignore:easy_install command is deprecated setup.py egg_info --egg-base build/clean_robot build --build-base /home/ubuntu/workspace/ros2_ws/src/clean_robot/build/clean_robot/build install --record /home/ubuntu/workspace/ros2_ws/src/clean_robot/build/clean_robot/install.log --single-version-externally-managed
[1.552s] Level 1:colcon.colcon_core.environment:checking '/home/ubuntu/workspace/ros2_ws/src/clean_robot/install/clean_robot' for CMake module files
[1.553s] Level 1:colcon.colcon_core.environment:checking '/home/ubuntu/workspace/ros2_ws/src/clean_robot/install/clean_robot' for CMake config files
[1.554s] Level 1:colcon.colcon_core.environment:checking '/home/ubuntu/workspace/ros2_ws/src/clean_robot/install/clean_robot/lib'
[1.554s] Level 1:colcon.colcon_core.environment:checking '/home/ubuntu/workspace/ros2_ws/src/clean_robot/install/clean_robot/bin'
[1.554s] Level 1:colcon.colcon_core.environment:checking '/home/ubuntu/workspace/ros2_ws/src/clean_robot/install/clean_robot/lib/pkgconfig/clean_robot.pc'
[1.554s] Level 1:colcon.colcon_core.environment:checking '/home/ubuntu/workspace/ros2_ws/src/clean_robot/install/clean_robot/lib/python3.10/site-packages'
[1.554s] Level 1:colcon.colcon_core.shell:create_environment_hook('clean_robot', 'pythonpath')
[1.555s] INFO:colcon.colcon_core.shell:Creating environment hook '/home/ubuntu/workspace/ros2_ws/src/clean_robot/install/clean_robot/share/clean_robot/hook/pythonpath.ps1'
[1.555s] INFO:colcon.colcon_core.shell:Creating environment descriptor '/home/ubuntu/workspace/ros2_ws/src/clean_robot/install/clean_robot/share/clean_robot/hook/pythonpath.dsv'
[1.555s] INFO:colcon.colcon_core.shell:Creating environment hook '/home/ubuntu/workspace/ros2_ws/src/clean_robot/install/clean_robot/share/clean_robot/hook/pythonpath.sh'
[1.556s] Level 1:colcon.colcon_core.environment:checking '/home/ubuntu/workspace/ros2_ws/src/clean_robot/install/clean_robot/bin'
[1.556s] Level 1:colcon.colcon_core.environment:create_environment_scripts_only(clean_robot)
[1.557s] INFO:colcon.colcon_core.shell:Creating package script '/home/ubuntu/workspace/ros2_ws/src/clean_robot/install/clean_robot/share/clean_robot/package.ps1'
[1.557s] INFO:colcon.colcon_core.shell:Creating package descriptor '/home/ubuntu/workspace/ros2_ws/src/clean_robot/install/clean_robot/share/clean_robot/package.dsv'
[1.558s] INFO:colcon.colcon_core.shell:Creating package script '/home/ubuntu/workspace/ros2_ws/src/clean_robot/install/clean_robot/share/clean_robot/package.sh'
[1.559s] INFO:colcon.colcon_core.shell:Creating package script '/home/ubuntu/workspace/ros2_ws/src/clean_robot/install/clean_robot/share/clean_robot/package.bash'
[1.559s] INFO:colcon.colcon_core.shell:Creating package script '/home/ubuntu/workspace/ros2_ws/src/clean_robot/install/clean_robot/share/clean_robot/package.zsh'
[1.560s] Level 1:colcon.colcon_core.environment:create_file_with_runtime_dependencies(/home/ubuntu/workspace/ros2_ws/src/clean_robot/install/clean_robot/share/colcon-core/packages/clean_robot)
[1.561s] DEBUG:colcon.colcon_parallel_executor.executor.parallel:closing loop
[1.561s] DEBUG:colcon.colcon_parallel_executor.executor.parallel:loop closed
[1.561s] DEBUG:colcon.colcon_parallel_executor.executor.parallel:run_until_complete finished with '0'
[1.561s] DEBUG:colcon.colcon_core.event_reactor:joining thread
[1.569s] INFO:colcon.colcon_core.plugin_system:Skipping extension 'colcon_notification.desktop_notification.terminal_notifier': Not used on non-Darwin systems
[1.569s] INFO:colcon.colcon_core.plugin_system:Skipping extension 'colcon_notification.desktop_notification.win32': Not used on non-Windows systems
[1.569s] INFO:colcon.colcon_notification.desktop_notification:Sending desktop notification using 'notify2'
[1.569s] DEBUG:colcon.colcon_notification.desktop_notification.notify2:Failed to initialize notify2: org.freedesktop.DBus.Error.NotSupported: Unable to autolaunch a dbus-daemon without a $DISPLAY for X11
[1.569s] DEBUG:colcon.colcon_core.event_reactor:joined thread
[1.570s] INFO:colcon.colcon_core.shell:Creating prefix script '/home/ubuntu/workspace/ros2_ws/src/clean_robot/install/local_setup.ps1'
[1.571s] INFO:colcon.colcon_core.shell:Creating prefix util module '/home/ubuntu/workspace/ros2_ws/src/clean_robot/install/_local_setup_util_ps1.py'
[1.572s] INFO:colcon.colcon_core.shell:Creating prefix chain script '/home/ubuntu/workspace/ros2_ws/src/clean_robot/install/setup.ps1'
[1.574s] INFO:colcon.colcon_core.shell:Creating prefix script '/home/ubuntu/workspace/ros2_ws/src/clean_robot/install/local_setup.sh'
[1.574s] INFO:colcon.colcon_core.shell:Creating prefix util module '/home/ubuntu/workspace/ros2_ws/src/clean_robot/install/_local_setup_util_sh.py'
[1.575s] INFO:colcon.colcon_core.shell:Creating prefix chain script '/home/ubuntu/workspace/ros2_ws/src/clean_robot/install/setup.sh'
[1.576s] INFO:colcon.colcon_core.shell:Creating prefix script '/home/ubuntu/workspace/ros2_ws/src/clean_robot/install/local_setup.bash'
[1.576s] INFO:colcon.colcon_core.shell:Creating prefix chain script '/home/ubuntu/workspace/ros2_ws/src/clean_robot/install/setup.bash'
[1.577s] INFO:colcon.colcon_core.shell:Creating prefix script '/home/ubuntu/workspace/ros2_ws/src/clean_robot/install/local_setup.zsh'
[1.578s] INFO:colcon.colcon_core.shell:Creating prefix chain script '/home/ubuntu/workspace/ros2_ws/src/clean_robot/install/setup.zsh'
