running egg_info
creating build/clean_robot/clean_robot.egg-info
writing build/clean_robot/clean_robot.egg-info/PKG-INFO
writing dependency_links to build/clean_robot/clean_robot.egg-info/dependency_links.txt
writing entry points to build/clean_robot/clean_robot.egg-info/entry_points.txt
writing requirements to build/clean_robot/clean_robot.egg-info/requires.txt
writing top-level names to build/clean_robot/clean_robot.egg-info/top_level.txt
writing manifest file 'build/clean_robot/clean_robot.egg-info/SOURCES.txt'
reading manifest file 'build/clean_robot/clean_robot.egg-info/SOURCES.txt'
writing manifest file 'build/clean_robot/clean_robot.egg-info/SOURCES.txt'
running build
running build_py
creating /home/ubuntu/workspace/ros2_ws/src/clean_robot/build/clean_robot/build
creating /home/ubuntu/workspace/ros2_ws/src/clean_robot/build/clean_robot/build/lib
creating /home/ubuntu/workspace/ros2_ws/src/clean_robot/build/clean_robot/build/lib/clean_robot
copying clean_robot/task_manager_node.py -> /home/ubuntu/workspace/ros2_ws/src/clean_robot/build/clean_robot/build/lib/clean_robot
copying clean_robot/state_machine_node.py -> /home/ubuntu/workspace/ros2_ws/src/clean_robot/build/clean_robot/build/lib/clean_robot
copying clean_robot/__init__.py -> /home/ubuntu/workspace/ros2_ws/src/clean_robot/build/clean_robot/build/lib/clean_robot
copying clean_robot/battery_manager_node.py -> /home/ubuntu/workspace/ros2_ws/src/clean_robot/build/clean_robot/build/lib/clean_robot
running install
running install_lib
creating /home/ubuntu/workspace/ros2_ws/src/clean_robot/install/clean_robot/lib/python3.10/site-packages/clean_robot
copying /home/ubuntu/workspace/ros2_ws/src/clean_robot/build/clean_robot/build/lib/clean_robot/task_manager_node.py -> /home/ubuntu/workspace/ros2_ws/src/clean_robot/install/clean_robot/lib/python3.10/site-packages/clean_robot
copying /home/ubuntu/workspace/ros2_ws/src/clean_robot/build/clean_robot/build/lib/clean_robot/state_machine_node.py -> /home/ubuntu/workspace/ros2_ws/src/clean_robot/install/clean_robot/lib/python3.10/site-packages/clean_robot
copying /home/ubuntu/workspace/ros2_ws/src/clean_robot/build/clean_robot/build/lib/clean_robot/__init__.py -> /home/ubuntu/workspace/ros2_ws/src/clean_robot/install/clean_robot/lib/python3.10/site-packages/clean_robot
copying /home/ubuntu/workspace/ros2_ws/src/clean_robot/build/clean_robot/build/lib/clean_robot/battery_manager_node.py -> /home/ubuntu/workspace/ros2_ws/src/clean_robot/install/clean_robot/lib/python3.10/site-packages/clean_robot
byte-compiling /home/ubuntu/workspace/ros2_ws/src/clean_robot/install/clean_robot/lib/python3.10/site-packages/clean_robot/task_manager_node.py to task_manager_node.cpython-310.pyc
byte-compiling /home/ubuntu/workspace/ros2_ws/src/clean_robot/install/clean_robot/lib/python3.10/site-packages/clean_robot/state_machine_node.py to state_machine_node.cpython-310.pyc
byte-compiling /home/ubuntu/workspace/ros2_ws/src/clean_robot/install/clean_robot/lib/python3.10/site-packages/clean_robot/__init__.py to __init__.cpython-310.pyc
byte-compiling /home/ubuntu/workspace/ros2_ws/src/clean_robot/install/clean_robot/lib/python3.10/site-packages/clean_robot/battery_manager_node.py to battery_manager_node.cpython-310.pyc
running install_egg_info
Copying build/clean_robot/clean_robot.egg-info to /home/ubuntu/workspace/ros2_ws/src/clean_robot/install/clean_robot/lib/python3.10/site-packages/clean_robot-0.0.1-py3.10.egg-info
running install_scripts
Installing battery_manager script to /home/ubuntu/workspace/ros2_ws/src/clean_robot/install/clean_robot/lib/clean_robot
Installing state_machine script to /home/ubuntu/workspace/ros2_ws/src/clean_robot/install/clean_robot/lib/clean_robot
Installing task_manager script to /home/ubuntu/workspace/ros2_ws/src/clean_robot/install/clean_robot/lib/clean_robot
writing list of installed files to '/home/ubuntu/workspace/ros2_ws/src/clean_robot/build/clean_robot/install.log'
